mode: set
github.com/Goldziher/go-utils/dateutils/dateutils.go:6.35,8.2 1 1
github.com/Goldziher/go-utils/dateutils/dateutils.go:11.34,16.2 1 1
github.com/Goldziher/go-utils/dateutils/dateutils.go:18.62,20.2 1 1
github.com/Goldziher/go-utils/dateutils/dateutils.go:22.61,24.2 1 1
github.com/Goldziher/go-utils/dateutils/dateutils.go:27.87,32.2 1 1
github.com/Goldziher/go-utils/dateutils/dateutils.go:35.37,41.2 4 1
github.com/Goldziher/go-utils/dateutils/dateutils.go:44.54,49.2 3 1
github.com/Goldziher/go-utils/dateutils/dateutils.go:52.36,56.2 2 1
github.com/Goldziher/go-utils/dateutils/dateutils.go:59.53,63.2 2 1
github.com/Goldziher/go-utils/dateutils/dateutils.go:67.59,69.21 2 1
github.com/Goldziher/go-utils/dateutils/dateutils.go:69.21,71.3 1 1
github.com/Goldziher/go-utils/dateutils/dateutils.go:72.2,72.19 1 1
github.com/Goldziher/go-utils/dateutils/dateutils.go:77.84,79.21 2 1
github.com/Goldziher/go-utils/dateutils/dateutils.go:79.21,81.3 1 1
github.com/Goldziher/go-utils/dateutils/dateutils.go:82.2,82.19 1 1
github.com/Goldziher/go-utils/dateutils/dateutils.go:87.43,89.21 2 1
github.com/Goldziher/go-utils/dateutils/dateutils.go:89.21,90.18 1 1
github.com/Goldziher/go-utils/dateutils/dateutils.go:92.2,92.19 1 1
github.com/Goldziher/go-utils/dateutils/dateutils.go:97.68,99.21 2 1
github.com/Goldziher/go-utils/dateutils/dateutils.go:99.21,100.18 1 1
github.com/Goldziher/go-utils/dateutils/dateutils.go:102.2,102.19 1 1
github.com/Goldziher/go-utils/dateutils/dateutils.go:106.40,109.2 2 1
github.com/Goldziher/go-utils/dateutils/dateutils.go:112.38,115.2 2 1
github.com/Goldziher/go-utils/dateutils/dateutils.go:118.41,121.2 2 1
github.com/Goldziher/go-utils/dateutils/dateutils.go:124.39,128.2 3 1
github.com/Goldziher/go-utils/dateutils/dateutils.go:132.44,135.2 2 1
github.com/Goldziher/go-utils/dateutils/dateutils.go:138.34,141.2 2 1
github.com/Goldziher/go-utils/dateutils/dateutils.go:144.34,146.2 1 1
github.com/Goldziher/go-utils/dateutils/dateutils.go:151.55,152.15 1 1
github.com/Goldziher/go-utils/dateutils/dateutils.go:152.15,154.3 1 1
github.com/Goldziher/go-utils/dateutils/dateutils.go:156.2,157.14 2 1
github.com/Goldziher/go-utils/dateutils/dateutils.go:157.14,160.3 2 1
github.com/Goldziher/go-utils/dateutils/dateutils.go:162.2,163.24 2 1
github.com/Goldziher/go-utils/dateutils/dateutils.go:163.24,165.24 2 1
github.com/Goldziher/go-utils/dateutils/dateutils.go:165.24,167.4 1 1
github.com/Goldziher/go-utils/dateutils/dateutils.go:169.2,169.15 1 1
github.com/Goldziher/go-utils/dateutils/dateutils.go:173.35,175.2 1 0
github.com/Goldziher/go-utils/dateutils/dateutils.go:178.41,181.67 2 1
github.com/Goldziher/go-utils/dateutils/dateutils.go:181.67,183.3 1 1
github.com/Goldziher/go-utils/dateutils/dateutils.go:184.2,184.12 1 1
github.com/Goldziher/go-utils/dateutils/dateutils.go:188.35,194.2 4 1
github.com/Goldziher/go-utils/dateutils/dateutils.go:197.37,201.2 3 1
github.com/Goldziher/go-utils/dateutils/dateutils.go:204.39,208.2 3 1
github.com/Goldziher/go-utils/dateutils/dateutils.go:211.38,213.2 1 1
